{"error":{"fatal":true},"level":"error","message":"Lỗi khi lấy dữ liệu từ bảng activities:","timestamp":"2025-04-25 08:48:03"}
{"error":{"fatal":true},"level":"error","message":"Lỗi khi lấy dữ liệu từ bảng audit_logs:","timestamp":"2025-04-25 08:48:03"}
{"error":{"fatal":true},"level":"error","message":"Lỗi khi lấy dữ liệu từ bảng departments:","timestamp":"2025-04-25 08:48:03"}
{"error":{"fatal":true},"level":"error","message":"Lỗi khi lấy dữ liệu từ bảng documents:","timestamp":"2025-04-25 08:48:03"}
{"error":{"fatal":true},"level":"error","message":"Lỗi khi lấy dữ liệu từ bảng bonuses:","timestamp":"2025-04-25 08:48:03"}
{"error":{"fatal":true},"level":"error","message":"Lỗi khi lấy dữ liệu từ bảng degrees:","timestamp":"2025-04-25 08:48:03"}
{"error":{"fatal":true},"level":"error","message":"Lỗi khi lấy dữ liệu từ bảng email_verification_tokens:","timestamp":"2025-04-25 08:48:03"}
{"error":{"fatal":true},"level":"error","message":"Lỗi khi lấy dữ liệu từ bảng employee_positions:","timestamp":"2025-04-25 08:48:03"}
{"error":{"fatal":true},"level":"error","message":"Lỗi khi lấy dữ liệu từ bảng employee_trainings:","timestamp":"2025-04-25 08:48:03"}
{"error":{"fatal":true},"level":"error","message":"Lỗi khi lấy dữ liệu từ bảng equipment_assignments:","timestamp":"2025-04-25 08:48:03"}
{"error":{"fatal":true},"level":"error","message":"Lỗi khi lấy dữ liệu từ bảng family_members:","timestamp":"2025-04-25 08:48:03"}
{"error":{"fatal":true},"level":"error","message":"Lỗi khi lấy dữ liệu từ bảng holidays:","timestamp":"2025-04-25 08:48:03"}
{"error":{"fatal":true},"level":"error","message":"Lỗi khi lấy dữ liệu từ bảng leaves:","timestamp":"2025-04-25 08:48:03"}
{"error":{"fatal":true},"level":"error","message":"Lỗi khi lấy dữ liệu từ bảng notifications:","timestamp":"2025-04-25 08:48:03"}
{"error":{"fatal":true},"level":"error","message":"Lỗi khi lấy dữ liệu từ bảng employees:","timestamp":"2025-04-25 08:48:03"}
{"error":{"fatal":true},"level":"error","message":"Lỗi khi lấy dữ liệu từ bảng password_reset_tokens:","timestamp":"2025-04-25 08:48:03"}
{"error":{"fatal":true},"level":"error","message":"Lỗi khi lấy dữ liệu từ bảng payroll:","timestamp":"2025-04-25 08:48:03"}
{"error":{"fatal":true},"level":"error","message":"Lỗi khi lấy dữ liệu từ bảng payrolls:","timestamp":"2025-04-25 08:48:03"}
{"error":{"fatal":true},"level":"error","message":"Lỗi khi lấy dữ liệu từ bảng login_attempts:","timestamp":"2025-04-25 08:48:03"}
{"error":{"fatal":true},"level":"error","message":"Lỗi khi lấy dữ liệu từ bảng performances:","timestamp":"2025-04-25 08:48:03"}
{"error":{"fatal":true},"level":"error","message":"Lỗi khi lấy dữ liệu từ bảng permissions:","timestamp":"2025-04-25 08:48:03"}
{"error":{"fatal":true},"level":"error","message":"Lỗi khi lấy dữ liệu từ bảng positions:","timestamp":"2025-04-25 08:48:03"}
{"error":{"fatal":true},"level":"error","message":"Lỗi khi lấy dữ liệu từ bảng rate_limits:","timestamp":"2025-04-25 08:48:03"}
{"error":{"fatal":true},"level":"error","message":"Lỗi khi lấy dữ liệu từ bảng role_permissions:","timestamp":"2025-04-25 08:48:03"}
{"error":{"fatal":true},"level":"error","message":"Lỗi khi lấy dữ liệu từ bảng roles:","timestamp":"2025-04-25 08:48:03"}
{"error":{"fatal":true},"level":"error","message":"Lỗi khi lấy dữ liệu từ bảng salary_history:","timestamp":"2025-04-25 08:48:03"}
{"error":{"fatal":true},"level":"error","message":"Lỗi khi lấy dữ liệu từ bảng sessions:","timestamp":"2025-04-25 08:48:03"}
{"error":{"fatal":true},"level":"error","message":"Lỗi khi lấy dữ liệu từ bảng tasks:","timestamp":"2025-04-25 08:48:03"}
{"error":{"fatal":true},"level":"error","message":"Lỗi khi lấy dữ liệu từ bảng trainings:","timestamp":"2025-04-25 08:48:03"}
{"error":{"fatal":true},"level":"error","message":"Lỗi khi lấy dữ liệu từ bảng user_profiles:","timestamp":"2025-04-25 08:48:03"}
{"error":{"fatal":true},"level":"error","message":"Lỗi khi lấy dữ liệu từ bảng users:","timestamp":"2025-04-25 08:48:03"}
{"error":{"fatal":true},"level":"error","message":"Lỗi khi lấy dữ liệu từ bảng work_schedules:","timestamp":"2025-04-25 08:48:03"}
{"error":{"fatal":true},"level":"error","message":"Lỗi khi lấy dữ liệu từ bảng activities:","timestamp":"2025-04-25 08:48:07"}
{"error":{"fatal":true},"level":"error","message":"Lỗi khi lấy dữ liệu từ bảng audit_logs:","timestamp":"2025-04-25 08:48:07"}
{"error":{"fatal":true},"level":"error","message":"Lỗi khi lấy dữ liệu từ bảng bonuses:","timestamp":"2025-04-25 08:48:07"}
{"error":{"fatal":true},"level":"error","message":"Lỗi khi lấy dữ liệu từ bảng degrees:","timestamp":"2025-04-25 08:48:07"}
{"error":{"fatal":true},"level":"error","message":"Lỗi khi lấy dữ liệu từ bảng departments:","timestamp":"2025-04-25 08:48:07"}
{"error":{"fatal":true},"level":"error","message":"Lỗi khi lấy dữ liệu từ bảng documents:","timestamp":"2025-04-25 08:48:07"}
{"error":{"fatal":true},"level":"error","message":"Lỗi khi lấy dữ liệu từ bảng email_verification_tokens:","timestamp":"2025-04-25 08:48:07"}
{"error":{"fatal":true},"level":"error","message":"Lỗi khi lấy dữ liệu từ bảng employee_positions:","timestamp":"2025-04-25 08:48:07"}
{"error":{"fatal":true},"level":"error","message":"Lỗi khi lấy dữ liệu từ bảng employee_trainings:","timestamp":"2025-04-25 08:48:07"}
{"error":{"fatal":true},"level":"error","message":"Lỗi khi lấy dữ liệu từ bảng employees:","timestamp":"2025-04-25 08:48:07"}
{"error":{"fatal":true},"level":"error","message":"Lỗi khi lấy dữ liệu từ bảng equipment_assignments:","timestamp":"2025-04-25 08:48:07"}
{"error":{"fatal":true},"level":"error","message":"Lỗi khi lấy dữ liệu từ bảng family_members:","timestamp":"2025-04-25 08:48:07"}
{"error":{"fatal":true},"level":"error","message":"Lỗi khi lấy dữ liệu từ bảng holidays:","timestamp":"2025-04-25 08:48:07"}
{"error":{"fatal":true},"level":"error","message":"Lỗi khi lấy dữ liệu từ bảng leaves:","timestamp":"2025-04-25 08:48:07"}
{"error":{"fatal":true},"level":"error","message":"Lỗi khi lấy dữ liệu từ bảng login_attempts:","timestamp":"2025-04-25 08:48:07"}
{"error":{"fatal":true},"level":"error","message":"Lỗi khi lấy dữ liệu từ bảng notifications:","timestamp":"2025-04-25 08:48:07"}
{"error":{"fatal":true},"level":"error","message":"Lỗi khi lấy dữ liệu từ bảng password_reset_tokens:","timestamp":"2025-04-25 08:48:07"}
{"error":{"fatal":true},"level":"error","message":"Lỗi khi lấy dữ liệu từ bảng payroll:","timestamp":"2025-04-25 08:48:07"}
{"error":{"fatal":true},"level":"error","message":"Lỗi khi lấy dữ liệu từ bảng payrolls:","timestamp":"2025-04-25 08:48:07"}
{"error":{"fatal":true},"level":"error","message":"Lỗi khi lấy dữ liệu từ bảng performances:","timestamp":"2025-04-25 08:48:07"}
{"error":{"fatal":true},"level":"error","message":"Lỗi khi lấy dữ liệu từ bảng permissions:","timestamp":"2025-04-25 08:48:07"}
{"error":{"fatal":true},"level":"error","message":"Lỗi khi lấy dữ liệu từ bảng positions:","timestamp":"2025-04-25 08:48:07"}
{"error":{"fatal":true},"level":"error","message":"Lỗi khi lấy dữ liệu từ bảng rate_limits:","timestamp":"2025-04-25 08:48:07"}
{"error":{"fatal":true},"level":"error","message":"Lỗi khi lấy dữ liệu từ bảng role_permissions:","timestamp":"2025-04-25 08:48:07"}
{"error":{"fatal":true},"level":"error","message":"Lỗi khi lấy dữ liệu từ bảng roles:","timestamp":"2025-04-25 08:48:07"}
{"error":{"fatal":true},"level":"error","message":"Lỗi khi lấy dữ liệu từ bảng salary_history:","timestamp":"2025-04-25 08:48:08"}
{"error":{"fatal":true},"level":"error","message":"Lỗi khi lấy dữ liệu từ bảng sessions:","timestamp":"2025-04-25 08:48:08"}
{"error":{"fatal":true},"level":"error","message":"Lỗi khi lấy dữ liệu từ bảng tasks:","timestamp":"2025-04-25 08:48:08"}
{"error":{"fatal":true},"level":"error","message":"Lỗi khi lấy dữ liệu từ bảng trainings:","timestamp":"2025-04-25 08:48:08"}
{"error":{"fatal":true},"level":"error","message":"Lỗi khi lấy dữ liệu từ bảng user_profiles:","timestamp":"2025-04-25 08:48:08"}
{"error":{"fatal":true},"level":"error","message":"Lỗi khi lấy dữ liệu từ bảng users:","timestamp":"2025-04-25 08:48:08"}
{"error":{"fatal":true},"level":"error","message":"Lỗi khi lấy dữ liệu từ bảng work_schedules:","timestamp":"2025-04-25 08:48:08"}
{"error":{"fatal":true},"level":"error","message":"Lỗi khi lấy dữ liệu từ bảng activities:","timestamp":"2025-04-25 08:48:08"}
{"error":{"fatal":true},"level":"error","message":"Lỗi khi lấy dữ liệu từ bảng audit_logs:","timestamp":"2025-04-25 08:48:08"}
{"error":{"fatal":true},"level":"error","message":"Lỗi khi lấy dữ liệu từ bảng bonuses:","timestamp":"2025-04-25 08:48:08"}
{"error":{"fatal":true},"level":"error","message":"Lỗi khi lấy dữ liệu từ bảng degrees:","timestamp":"2025-04-25 08:48:08"}
{"error":{"fatal":true},"level":"error","message":"Lỗi khi lấy dữ liệu từ bảng departments:","timestamp":"2025-04-25 08:48:08"}
{"error":{"fatal":true},"level":"error","message":"Lỗi khi lấy dữ liệu từ bảng documents:","timestamp":"2025-04-25 08:48:08"}
{"error":{"fatal":true},"level":"error","message":"Lỗi khi lấy dữ liệu từ bảng email_verification_tokens:","timestamp":"2025-04-25 08:48:08"}
{"error":{"fatal":true},"level":"error","message":"Lỗi khi lấy dữ liệu từ bảng employee_positions:","timestamp":"2025-04-25 08:48:08"}
{"error":{"fatal":true},"level":"error","message":"Lỗi khi lấy dữ liệu từ bảng employee_trainings:","timestamp":"2025-04-25 08:48:08"}
{"error":{"fatal":true},"level":"error","message":"Lỗi khi lấy dữ liệu từ bảng employees:","timestamp":"2025-04-25 08:48:08"}
{"error":{"fatal":true},"level":"error","message":"Lỗi khi lấy dữ liệu từ bảng equipment_assignments:","timestamp":"2025-04-25 08:48:08"}
{"error":{"fatal":true},"level":"error","message":"Lỗi khi lấy dữ liệu từ bảng family_members:","timestamp":"2025-04-25 08:48:08"}
{"error":{"fatal":true},"level":"error","message":"Lỗi khi lấy dữ liệu từ bảng holidays:","timestamp":"2025-04-25 08:48:08"}
{"error":{"fatal":true},"level":"error","message":"Lỗi khi lấy dữ liệu từ bảng leaves:","timestamp":"2025-04-25 08:48:08"}
{"error":{"fatal":true},"level":"error","message":"Lỗi khi lấy dữ liệu từ bảng login_attempts:","timestamp":"2025-04-25 08:48:08"}
{"error":{"fatal":true},"level":"error","message":"Lỗi khi lấy dữ liệu từ bảng notifications:","timestamp":"2025-04-25 08:48:08"}
{"error":{"fatal":true},"level":"error","message":"Lỗi khi lấy dữ liệu từ bảng password_reset_tokens:","timestamp":"2025-04-25 08:48:08"}
{"error":{"fatal":true},"level":"error","message":"Lỗi khi lấy dữ liệu từ bảng payroll:","timestamp":"2025-04-25 08:48:08"}
{"error":{"fatal":true},"level":"error","message":"Lỗi khi lấy dữ liệu từ bảng payrolls:","timestamp":"2025-04-25 08:48:08"}
{"error":{"fatal":true},"level":"error","message":"Lỗi khi lấy dữ liệu từ bảng performances:","timestamp":"2025-04-25 08:48:08"}
{"error":{"fatal":true},"level":"error","message":"Lỗi khi lấy dữ liệu từ bảng permissions:","timestamp":"2025-04-25 08:48:08"}
{"error":{"fatal":true},"level":"error","message":"Lỗi khi lấy dữ liệu từ bảng positions:","timestamp":"2025-04-25 08:48:08"}
{"error":{"fatal":true},"level":"error","message":"Lỗi khi lấy dữ liệu từ bảng rate_limits:","timestamp":"2025-04-25 08:48:08"}
{"error":{"fatal":true},"level":"error","message":"Lỗi khi lấy dữ liệu từ bảng role_permissions:","timestamp":"2025-04-25 08:48:08"}
{"error":{"fatal":true},"level":"error","message":"Lỗi khi lấy dữ liệu từ bảng roles:","timestamp":"2025-04-25 08:48:09"}
{"error":{"fatal":true},"level":"error","message":"Lỗi khi lấy dữ liệu từ bảng salary_history:","timestamp":"2025-04-25 08:48:09"}
{"error":{"fatal":true},"level":"error","message":"Lỗi khi lấy dữ liệu từ bảng sessions:","timestamp":"2025-04-25 08:48:09"}
{"error":{"fatal":true},"level":"error","message":"Lỗi khi lấy dữ liệu từ bảng tasks:","timestamp":"2025-04-25 08:48:09"}
{"error":{"fatal":true},"level":"error","message":"Lỗi khi lấy dữ liệu từ bảng trainings:","timestamp":"2025-04-25 08:48:09"}
{"error":{"fatal":true},"level":"error","message":"Lỗi khi lấy dữ liệu từ bảng user_profiles:","timestamp":"2025-04-25 08:48:09"}
{"error":{"fatal":true},"level":"error","message":"Lỗi khi lấy dữ liệu từ bảng users:","timestamp":"2025-04-25 08:48:09"}
{"error":{"fatal":true},"level":"error","message":"Lỗi khi lấy dữ liệu từ bảng work_schedules:","timestamp":"2025-04-25 08:48:09"}
